<?xml version="1.0" encoding="UTF-8"?>
<testng-results skipped="0" failed="2" ignored="0" total="5" passed="3">
  <reporter-output>
  </reporter-output>
  <suite name="Default suite" duration-ms="813725" started-at="2020-07-30T08:30:56Z" finished-at="2020-07-30T08:44:30Z">
    <groups>
      <group name="More">
        <method signature="Cartexe.More_info()[pri:3, instance:labs.exe.Cartexe@6e1567f1]" name="More_info" class="labs.exe.Cartexe"/>
        <method signature="Cartexe.OpenWebPage()[pri:1, instance:labs.exe.Cartexe@6e1567f1]" name="OpenWebPage" class="labs.exe.Cartexe"/>
      </group> <!-- More -->
      <group name="Add to Cart">
        <method signature="Cartexe.AddToCart()[pri:3, instance:labs.exe.Cartexe@6e1567f1]" name="AddToCart" class="labs.exe.Cartexe"/>
        <method signature="Cartexe.OpenWebPage()[pri:1, instance:labs.exe.Cartexe@6e1567f1]" name="OpenWebPage" class="labs.exe.Cartexe"/>
      </group> <!-- Add to Cart -->
      <group name="Search Product">
        <method signature="Cartexe.OpenWebPage()[pri:1, instance:labs.exe.Cartexe@6e1567f1]" name="OpenWebPage" class="labs.exe.Cartexe"/>
        <method signature="Cartexe.ProductSearch()[pri:2, instance:labs.exe.Cartexe@6e1567f1]" name="ProductSearch" class="labs.exe.Cartexe"/>
      </group> <!-- Search Product -->
      <group name="Regression">
        <method signature="Cartexe.AddToCart()[pri:3, instance:labs.exe.Cartexe@6e1567f1]" name="AddToCart" class="labs.exe.Cartexe"/>
        <method signature="Cartexe.Login_Error()[pri:3, instance:labs.exe.Cartexe@6e1567f1]" name="Login_Error" class="labs.exe.Cartexe"/>
        <method signature="Cartexe.More_info()[pri:3, instance:labs.exe.Cartexe@6e1567f1]" name="More_info" class="labs.exe.Cartexe"/>
        <method signature="Cartexe.OpenWebPage()[pri:1, instance:labs.exe.Cartexe@6e1567f1]" name="OpenWebPage" class="labs.exe.Cartexe"/>
        <method signature="Cartexe.ProductSearch()[pri:2, instance:labs.exe.Cartexe@6e1567f1]" name="ProductSearch" class="labs.exe.Cartexe"/>
      </group> <!-- Regression -->
      <group name="Smoke">
        <method signature="Cartexe.AddToCart()[pri:3, instance:labs.exe.Cartexe@6e1567f1]" name="AddToCart" class="labs.exe.Cartexe"/>
        <method signature="Cartexe.Login_Error()[pri:3, instance:labs.exe.Cartexe@6e1567f1]" name="Login_Error" class="labs.exe.Cartexe"/>
        <method signature="Cartexe.More_info()[pri:3, instance:labs.exe.Cartexe@6e1567f1]" name="More_info" class="labs.exe.Cartexe"/>
        <method signature="Cartexe.OpenWebPage()[pri:1, instance:labs.exe.Cartexe@6e1567f1]" name="OpenWebPage" class="labs.exe.Cartexe"/>
        <method signature="Cartexe.ProductSearch()[pri:2, instance:labs.exe.Cartexe@6e1567f1]" name="ProductSearch" class="labs.exe.Cartexe"/>
      </group> <!-- Smoke -->
      <group name="Login">
        <method signature="Cartexe.Login_Error()[pri:3, instance:labs.exe.Cartexe@6e1567f1]" name="Login_Error" class="labs.exe.Cartexe"/>
        <method signature="Cartexe.OpenWebPage()[pri:1, instance:labs.exe.Cartexe@6e1567f1]" name="OpenWebPage" class="labs.exe.Cartexe"/>
      </group> <!-- Login -->
    </groups>
    <test name="Default test" duration-ms="813725" started-at="2020-07-30T08:30:56Z" finished-at="2020-07-30T08:44:30Z">
      <class name="labs.exe.Cartexe">
        <test-method status="PASS" signature="Initialize()[pri:0, instance:labs.exe.Cartexe@6e1567f1]" name="Initialize" is-config="true" duration-ms="262" started-at="2020-07-30T14:00:56Z" finished-at="2020-07-30T14:00:56Z">
          <reporter-output>
          </reporter-output>
        </test-method> <!-- Initialize -->
        <test-method status="PASS" signature="OpenWebPage()[pri:1, instance:labs.exe.Cartexe@6e1567f1]" name="OpenWebPage" duration-ms="23409" started-at="2020-07-30T14:00:56Z" finished-at="2020-07-30T14:01:20Z">
          <reporter-output>
          </reporter-output>
        </test-method> <!-- OpenWebPage -->
        <test-method status="PASS" signature="getStatusWithScreenshot(org.testng.ITestResult)[pri:0, instance:labs.exe.Cartexe@6e1567f1]" name="getStatusWithScreenshot" is-config="true" duration-ms="3" started-at="2020-07-30T14:01:20Z" finished-at="2020-07-30T14:01:20Z">
          <params>
            <param index="0">
              <value>
                <![CDATA[[TestResult name=OpenWebPage status=SUCCESS method=Cartexe.OpenWebPage()[pri:1, instance:labs.exe.Cartexe@6e1567f1] output={null}]]]>
              </value>
            </param>
          </params>
          <reporter-output>
          </reporter-output>
        </test-method> <!-- getStatusWithScreenshot -->
        <test-method status="PASS" signature="ProductSearch()[pri:2, instance:labs.exe.Cartexe@6e1567f1]" name="ProductSearch" duration-ms="2905" started-at="2020-07-30T14:01:20Z" finished-at="2020-07-30T14:01:23Z">
          <reporter-output>
          </reporter-output>
        </test-method> <!-- ProductSearch -->
        <test-method status="PASS" signature="AddToCart()[pri:3, instance:labs.exe.Cartexe@6e1567f1]" name="AddToCart" duration-ms="4012" started-at="2020-07-30T14:01:23Z" finished-at="2020-07-30T14:01:27Z">
          <reporter-output>
          </reporter-output>
        </test-method> <!-- AddToCart -->
        <test-method status="PASS" signature="getStatusWithScreenshot(org.testng.ITestResult)[pri:0, instance:labs.exe.Cartexe@6e1567f1]" name="getStatusWithScreenshot" is-config="true" duration-ms="0" started-at="2020-07-30T14:01:23Z" finished-at="2020-07-30T14:01:23Z">
          <params>
            <param index="0">
              <value>
                <![CDATA[[TestResult name=ProductSearch status=SUCCESS method=Cartexe.ProductSearch()[pri:2, instance:labs.exe.Cartexe@6e1567f1] output={null}]]]>
              </value>
            </param>
          </params>
          <reporter-output>
          </reporter-output>
        </test-method> <!-- getStatusWithScreenshot -->
        <test-method status="PASS" signature="getStatusWithScreenshot(org.testng.ITestResult)[pri:0, instance:labs.exe.Cartexe@6e1567f1]" name="getStatusWithScreenshot" is-config="true" duration-ms="1" started-at="2020-07-30T14:01:27Z" finished-at="2020-07-30T14:01:27Z">
          <params>
            <param index="0">
              <value>
                <![CDATA[[TestResult name=AddToCart status=SUCCESS method=Cartexe.AddToCart()[pri:3, instance:labs.exe.Cartexe@6e1567f1] output={null}]]]>
              </value>
            </param>
          </params>
          <reporter-output>
          </reporter-output>
        </test-method> <!-- getStatusWithScreenshot -->
        <test-method status="FAIL" signature="Login_Error()[pri:3, instance:labs.exe.Cartexe@6e1567f1]" name="Login_Error" duration-ms="3338" started-at="2020-07-30T14:01:27Z" finished-at="2020-07-30T14:01:30Z">
          <exception class="java.lang.IllegalArgumentException">
            <message>
              <![CDATA[Cannot find elements when the XPath is null.]]>
            </message>
            <full-stacktrace>
              <![CDATA[java.lang.IllegalArgumentException: Cannot find elements when the XPath is null.
	at org.openqa.selenium.By$ByXPath.<init>(By.java:339)
	at org.openqa.selenium.By.xpath(By.java:92)
	at labs.utils.BaseClass.Xpath(BaseClass.java:49)
	at labs.utils.BaseClass.enterTextboxValue(BaseClass.java:96)
	at labs.test.Cart.LoginError(Cart.java:177)
	at labs.exe.Cartexe.Login_Error(Cartexe.java:59)
	at sun.reflect.NativeMethodAccessorImpl.invoke0(Native Method)
	at sun.reflect.NativeMethodAccessorImpl.invoke(Unknown Source)
	at sun.reflect.DelegatingMethodAccessorImpl.invoke(Unknown Source)
	at java.lang.reflect.Method.invoke(Unknown Source)
	at org.testng.internal.MethodInvocationHelper.invokeMethod(MethodInvocationHelper.java:104)
	at org.testng.internal.Invoker.invokeMethod(Invoker.java:645)
	at org.testng.internal.Invoker.invokeTestMethod(Invoker.java:851)
	at org.testng.internal.Invoker.invokeTestMethods(Invoker.java:1177)
	at org.testng.internal.TestMethodWorker.invokeTestMethods(TestMethodWorker.java:129)
	at org.testng.internal.TestMethodWorker.run(TestMethodWorker.java:112)
	at org.testng.TestRunner.privateRun(TestRunner.java:756)
	at org.testng.TestRunner.run(TestRunner.java:610)
	at org.testng.SuiteRunner.runTest(SuiteRunner.java:387)
	at org.testng.SuiteRunner.runSequentially(SuiteRunner.java:382)
	at org.testng.SuiteRunner.privateRun(SuiteRunner.java:340)
	at org.testng.SuiteRunner.run(SuiteRunner.java:289)
	at org.testng.SuiteRunnerWorker.runSuite(SuiteRunnerWorker.java:52)
	at org.testng.SuiteRunnerWorker.run(SuiteRunnerWorker.java:86)
	at org.testng.TestNG.runSuitesSequentially(TestNG.java:1293)
	at org.testng.TestNG.runSuitesLocally(TestNG.java:1218)
	at org.testng.TestNG.runSuites(TestNG.java:1133)
	at org.testng.TestNG.run(TestNG.java:1104)
	at org.testng.remote.AbstractRemoteTestNG.run(AbstractRemoteTestNG.java:132)
	at org.testng.remote.RemoteTestNG.initAndRun(RemoteTestNG.java:236)
	at org.testng.remote.RemoteTestNG.main(RemoteTestNG.java:81)
]]>
            </full-stacktrace>
          </exception> <!-- java.lang.IllegalArgumentException -->
          <reporter-output>
          </reporter-output>
        </test-method> <!-- Login_Error -->
        <test-method status="PASS" signature="getStatusWithScreenshot(org.testng.ITestResult)[pri:0, instance:labs.exe.Cartexe@6e1567f1]" name="getStatusWithScreenshot" is-config="true" duration-ms="404" started-at="2020-07-30T14:01:30Z" finished-at="2020-07-30T14:01:31Z">
          <params>
            <param index="0">
              <value>
                <![CDATA[[TestResult name=Login_Error status=FAILURE method=Cartexe.Login_Error()[pri:3, instance:labs.exe.Cartexe@6e1567f1] output={null}]]]>
              </value>
            </param>
          </params>
          <reporter-output>
          </reporter-output>
        </test-method> <!-- getStatusWithScreenshot -->
        <test-method status="FAIL" signature="More_info()[pri:3, instance:labs.exe.Cartexe@6e1567f1]" name="More_info" duration-ms="765115" started-at="2020-07-30T14:01:31Z" finished-at="2020-07-30T14:14:16Z">
          <exception class="org.openqa.selenium.WebDriverException">
            <message>
              <![CDATA[chrome not reachable
  (Session info: chrome=84.0.4147.89)
  (Driver info: chromedriver=2.40.565498 (ea082db3280dd6843ebfb08a625e3eb905c4f5ab),platform=Windows NT 10.0.19041 x86_64) (WARNING: The server did not provide any stacktrace information)
Command duration or timeout: 0 milliseconds
Build info: version: '3.14.0', revision: 'aacccce0', time: '2018-08-02T20:19:58.91Z'
System info: host: 'LIT-HYD-L061', ip: '192.168.43.235', os.name: 'Windows 10', os.arch: 'amd64', os.version: '10.0', java.version: '1.8.0_251'
Driver info: org.openqa.selenium.chrome.ChromeDriver
Capabilities {acceptInsecureCerts: false, acceptSslCerts: false, applicationCacheEnabled: false, browserConnectionEnabled: false, browserName: chrome, chrome: {chromedriverVersion: 2.40.565498 (ea082db3280dd6..., userDataDir: C:\Users\SYAMGA~1\AppData\L...}, cssSelectorsEnabled: true, databaseEnabled: false, handlesAlerts: true, hasTouchScreen: false, javascriptEnabled: true, locationContextEnabled: true, mobileEmulationEnabled: false, nativeEvents: true, networkConnectionEnabled: false, pageLoadStrategy: normal, platform: XP, platformName: XP, rotatable: false, setWindowRect: true, takesHeapSnapshot: true, takesScreenshot: true, unexpectedAlertBehaviour: , unhandledPromptBehavior: , version: 84.0.4147.89, webStorageEnabled: true}
Session ID: 37fc889278d7a3f7c26ab38381defa1b
*** Element info: {Using=xpath, value=//div[@class='right-block']//a[@class='product-name'][contains(text(),'Faded Short Sleeve T-shirts')]}]]>
            </message>
            <full-stacktrace>
              <![CDATA[org.openqa.selenium.WebDriverException: chrome not reachable
  (Session info: chrome=84.0.4147.89)
  (Driver info: chromedriver=2.40.565498 (ea082db3280dd6843ebfb08a625e3eb905c4f5ab),platform=Windows NT 10.0.19041 x86_64) (WARNING: The server did not provide any stacktrace information)
Command duration or timeout: 0 milliseconds
Build info: version: '3.14.0', revision: 'aacccce0', time: '2018-08-02T20:19:58.91Z'
System info: host: 'LIT-HYD-L061', ip: '192.168.43.235', os.name: 'Windows 10', os.arch: 'amd64', os.version: '10.0', java.version: '1.8.0_251'
Driver info: org.openqa.selenium.chrome.ChromeDriver
Capabilities {acceptInsecureCerts: false, acceptSslCerts: false, applicationCacheEnabled: false, browserConnectionEnabled: false, browserName: chrome, chrome: {chromedriverVersion: 2.40.565498 (ea082db3280dd6..., userDataDir: C:\Users\SYAMGA~1\AppData\L...}, cssSelectorsEnabled: true, databaseEnabled: false, handlesAlerts: true, hasTouchScreen: false, javascriptEnabled: true, locationContextEnabled: true, mobileEmulationEnabled: false, nativeEvents: true, networkConnectionEnabled: false, pageLoadStrategy: normal, platform: XP, platformName: XP, rotatable: false, setWindowRect: true, takesHeapSnapshot: true, takesScreenshot: true, unexpectedAlertBehaviour: , unhandledPromptBehavior: , version: 84.0.4147.89, webStorageEnabled: true}
Session ID: 37fc889278d7a3f7c26ab38381defa1b
*** Element info: {Using=xpath, value=//div[@class='right-block']//a[@class='product-name'][contains(text(),'Faded Short Sleeve T-shirts')]}
	at sun.reflect.NativeConstructorAccessorImpl.newInstance0(Native Method)
	at sun.reflect.NativeConstructorAccessorImpl.newInstance(Unknown Source)
	at sun.reflect.DelegatingConstructorAccessorImpl.newInstance(Unknown Source)
	at java.lang.reflect.Constructor.newInstance(Unknown Source)
	at org.openqa.selenium.remote.ErrorHandler.createThrowable(ErrorHandler.java:214)
	at org.openqa.selenium.remote.ErrorHandler.throwIfResponseFailed(ErrorHandler.java:166)
	at org.openqa.selenium.remote.http.JsonHttpResponseCodec.reconstructValue(JsonHttpResponseCodec.java:40)
	at org.openqa.selenium.remote.http.AbstractHttpResponseCodec.decode(AbstractHttpResponseCodec.java:80)
	at org.openqa.selenium.remote.http.AbstractHttpResponseCodec.decode(AbstractHttpResponseCodec.java:44)
	at org.openqa.selenium.remote.HttpCommandExecutor.execute(HttpCommandExecutor.java:158)
	at org.openqa.selenium.remote.service.DriverCommandExecutor.execute(DriverCommandExecutor.java:83)
	at org.openqa.selenium.remote.RemoteWebDriver.execute(RemoteWebDriver.java:548)
	at org.openqa.selenium.remote.RemoteWebDriver.findElement(RemoteWebDriver.java:322)
	at org.openqa.selenium.remote.RemoteWebDriver.findElementByXPath(RemoteWebDriver.java:424)
	at org.openqa.selenium.By$ByXPath.findElement(By.java:353)
	at org.openqa.selenium.remote.RemoteWebDriver.findElement(RemoteWebDriver.java:314)
	at labs.utils.BaseClass.Xpath(BaseClass.java:49)
	at labs.utils.BaseClass.movetoElement(BaseClass.java:185)
	at labs.test.Cart.More(Cart.java:108)
	at labs.exe.Cartexe.More_info(Cartexe.java:53)
	at sun.reflect.NativeMethodAccessorImpl.invoke0(Native Method)
	at sun.reflect.NativeMethodAccessorImpl.invoke(Unknown Source)
	at sun.reflect.DelegatingMethodAccessorImpl.invoke(Unknown Source)
	at java.lang.reflect.Method.invoke(Unknown Source)
	at org.testng.internal.MethodInvocationHelper.invokeMethod(MethodInvocationHelper.java:104)
	at org.testng.internal.Invoker.invokeMethod(Invoker.java:645)
	at org.testng.internal.Invoker.invokeTestMethod(Invoker.java:851)
	at org.testng.internal.Invoker.invokeTestMethods(Invoker.java:1177)
	at org.testng.internal.TestMethodWorker.invokeTestMethods(TestMethodWorker.java:129)
	at org.testng.internal.TestMethodWorker.run(TestMethodWorker.java:112)
	at org.testng.TestRunner.privateRun(TestRunner.java:756)
	at org.testng.TestRunner.run(TestRunner.java:610)
	at org.testng.SuiteRunner.runTest(SuiteRunner.java:387)
	at org.testng.SuiteRunner.runSequentially(SuiteRunner.java:382)
	at org.testng.SuiteRunner.privateRun(SuiteRunner.java:340)
	at org.testng.SuiteRunner.run(SuiteRunner.java:289)
	at org.testng.SuiteRunnerWorker.runSuite(SuiteRunnerWorker.java:52)
	at org.testng.SuiteRunnerWorker.run(SuiteRunnerWorker.java:86)
	at org.testng.TestNG.runSuitesSequentially(TestNG.java:1293)
	at org.testng.TestNG.runSuitesLocally(TestNG.java:1218)
	at org.testng.TestNG.runSuites(TestNG.java:1133)
	at org.testng.TestNG.run(TestNG.java:1104)
	at org.testng.remote.AbstractRemoteTestNG.run(AbstractRemoteTestNG.java:132)
	at org.testng.remote.RemoteTestNG.initAndRun(RemoteTestNG.java:236)
	at org.testng.remote.RemoteTestNG.main(RemoteTestNG.java:81)
]]>
            </full-stacktrace>
          </exception> <!-- org.openqa.selenium.WebDriverException -->
          <reporter-output>
          </reporter-output>
        </test-method> <!-- More_info -->
        <test-method status="FAIL" signature="getStatusWithScreenshot(org.testng.ITestResult)[pri:0, instance:labs.exe.Cartexe@6e1567f1]" name="getStatusWithScreenshot" is-config="true" duration-ms="0" started-at="2020-07-30T14:14:16Z" finished-at="2020-07-30T14:14:16Z">
          <params>
            <param index="0">
              <value>
                <![CDATA[[TestResult name=More_info status=FAILURE method=Cartexe.More_info()[pri:3, instance:labs.exe.Cartexe@6e1567f1] output={null}]]]>
              </value>
            </param>
          </params>
          <exception class="org.openqa.selenium.WebDriverException">
            <message>
              <![CDATA[chrome not reachable
  (Session info: chrome=84.0.4147.89)
  (Driver info: chromedriver=2.40.565498 (ea082db3280dd6843ebfb08a625e3eb905c4f5ab),platform=Windows NT 10.0.19041 x86_64) (WARNING: The server did not provide any stacktrace information)
Command duration or timeout: 0 milliseconds
Build info: version: '3.14.0', revision: 'aacccce0', time: '2018-08-02T20:19:58.91Z'
System info: host: 'LIT-HYD-L061', ip: '192.168.43.235', os.name: 'Windows 10', os.arch: 'amd64', os.version: '10.0', java.version: '1.8.0_251'
Driver info: org.openqa.selenium.chrome.ChromeDriver
Capabilities {acceptInsecureCerts: false, acceptSslCerts: false, applicationCacheEnabled: false, browserConnectionEnabled: false, browserName: chrome, chrome: {chromedriverVersion: 2.40.565498 (ea082db3280dd6..., userDataDir: C:\Users\SYAMGA~1\AppData\L...}, cssSelectorsEnabled: true, databaseEnabled: false, handlesAlerts: true, hasTouchScreen: false, javascriptEnabled: true, locationContextEnabled: true, mobileEmulationEnabled: false, nativeEvents: true, networkConnectionEnabled: false, pageLoadStrategy: normal, platform: XP, platformName: XP, rotatable: false, setWindowRect: true, takesHeapSnapshot: true, takesScreenshot: true, unexpectedAlertBehaviour: , unhandledPromptBehavior: , version: 84.0.4147.89, webStorageEnabled: true}
Session ID: 37fc889278d7a3f7c26ab38381defa1b]]>
            </message>
            <full-stacktrace>
              <![CDATA[org.openqa.selenium.WebDriverException: chrome not reachable
  (Session info: chrome=84.0.4147.89)
  (Driver info: chromedriver=2.40.565498 (ea082db3280dd6843ebfb08a625e3eb905c4f5ab),platform=Windows NT 10.0.19041 x86_64) (WARNING: The server did not provide any stacktrace information)
Command duration or timeout: 0 milliseconds
Build info: version: '3.14.0', revision: 'aacccce0', time: '2018-08-02T20:19:58.91Z'
System info: host: 'LIT-HYD-L061', ip: '192.168.43.235', os.name: 'Windows 10', os.arch: 'amd64', os.version: '10.0', java.version: '1.8.0_251'
Driver info: org.openqa.selenium.chrome.ChromeDriver
Capabilities {acceptInsecureCerts: false, acceptSslCerts: false, applicationCacheEnabled: false, browserConnectionEnabled: false, browserName: chrome, chrome: {chromedriverVersion: 2.40.565498 (ea082db3280dd6..., userDataDir: C:\Users\SYAMGA~1\AppData\L...}, cssSelectorsEnabled: true, databaseEnabled: false, handlesAlerts: true, hasTouchScreen: false, javascriptEnabled: true, locationContextEnabled: true, mobileEmulationEnabled: false, nativeEvents: true, networkConnectionEnabled: false, pageLoadStrategy: normal, platform: XP, platformName: XP, rotatable: false, setWindowRect: true, takesHeapSnapshot: true, takesScreenshot: true, unexpectedAlertBehaviour: , unhandledPromptBehavior: , version: 84.0.4147.89, webStorageEnabled: true}
Session ID: 37fc889278d7a3f7c26ab38381defa1b
	at sun.reflect.NativeConstructorAccessorImpl.newInstance0(Native Method)
	at sun.reflect.NativeConstructorAccessorImpl.newInstance(Unknown Source)
	at sun.reflect.DelegatingConstructorAccessorImpl.newInstance(Unknown Source)
	at java.lang.reflect.Constructor.newInstance(Unknown Source)
	at org.openqa.selenium.remote.ErrorHandler.createThrowable(ErrorHandler.java:214)
	at org.openqa.selenium.remote.ErrorHandler.throwIfResponseFailed(ErrorHandler.java:166)
	at org.openqa.selenium.remote.http.JsonHttpResponseCodec.reconstructValue(JsonHttpResponseCodec.java:40)
	at org.openqa.selenium.remote.http.AbstractHttpResponseCodec.decode(AbstractHttpResponseCodec.java:80)
	at org.openqa.selenium.remote.http.AbstractHttpResponseCodec.decode(AbstractHttpResponseCodec.java:44)
	at org.openqa.selenium.remote.HttpCommandExecutor.execute(HttpCommandExecutor.java:158)
	at org.openqa.selenium.remote.service.DriverCommandExecutor.execute(DriverCommandExecutor.java:83)
	at org.openqa.selenium.remote.RemoteWebDriver.execute(RemoteWebDriver.java:548)
	at org.openqa.selenium.remote.RemoteWebDriver.execute(RemoteWebDriver.java:605)
	at org.openqa.selenium.remote.RemoteWebDriver.getScreenshotAs(RemoteWebDriver.java:294)
	at labs.utils.GetScreenShot.capture(GetScreenShot.java:20)
	at labs.exe.Cartexe.getStatusWithScreenshot(Cartexe.java:72)
	at sun.reflect.NativeMethodAccessorImpl.invoke0(Native Method)
	at sun.reflect.NativeMethodAccessorImpl.invoke(Unknown Source)
	at sun.reflect.DelegatingMethodAccessorImpl.invoke(Unknown Source)
	at java.lang.reflect.Method.invoke(Unknown Source)
	at org.testng.internal.MethodInvocationHelper.invokeMethod(MethodInvocationHelper.java:104)
	at org.testng.internal.Invoker.invokeConfigurationMethod(Invoker.java:515)
	at org.testng.internal.Invoker.invokeConfigurations(Invoker.java:217)
	at org.testng.internal.Invoker.invokeMethod(Invoker.java:712)
	at org.testng.internal.Invoker.invokeTestMethod(Invoker.java:851)
	at org.testng.internal.Invoker.invokeTestMethods(Invoker.java:1177)
	at org.testng.internal.TestMethodWorker.invokeTestMethods(TestMethodWorker.java:129)
	at org.testng.internal.TestMethodWorker.run(TestMethodWorker.java:112)
	at org.testng.TestRunner.privateRun(TestRunner.java:756)
	at org.testng.TestRunner.run(TestRunner.java:610)
	at org.testng.SuiteRunner.runTest(SuiteRunner.java:387)
	at org.testng.SuiteRunner.runSequentially(SuiteRunner.java:382)
	at org.testng.SuiteRunner.privateRun(SuiteRunner.java:340)
	at org.testng.SuiteRunner.run(SuiteRunner.java:289)
	at org.testng.SuiteRunnerWorker.runSuite(SuiteRunnerWorker.java:52)
	at org.testng.SuiteRunnerWorker.run(SuiteRunnerWorker.java:86)
	at org.testng.TestNG.runSuitesSequentially(TestNG.java:1293)
	at org.testng.TestNG.runSuitesLocally(TestNG.java:1218)
	at org.testng.TestNG.runSuites(TestNG.java:1133)
	at org.testng.TestNG.run(TestNG.java:1104)
	at org.testng.remote.AbstractRemoteTestNG.run(AbstractRemoteTestNG.java:132)
	at org.testng.remote.RemoteTestNG.initAndRun(RemoteTestNG.java:236)
	at org.testng.remote.RemoteTestNG.main(RemoteTestNG.java:81)
]]>
            </full-stacktrace>
          </exception> <!-- org.openqa.selenium.WebDriverException -->
          <reporter-output>
          </reporter-output>
        </test-method> <!-- getStatusWithScreenshot -->
        <test-method status="SKIP" signature="close()[pri:0, instance:labs.exe.Cartexe@6e1567f1]" name="close" is-config="true" duration-ms="0" started-at="2020-07-30T14:14:30Z" finished-at="2020-07-30T14:14:30Z">
          <reporter-output>
          </reporter-output>
        </test-method> <!-- close -->
        <test-method status="SKIP" signature="Generate()[pri:0, instance:labs.exe.Cartexe@6e1567f1]" name="Generate" is-config="true" duration-ms="0" started-at="2020-07-30T14:14:30Z" finished-at="2020-07-30T14:14:30Z">
          <reporter-output>
          </reporter-output>
        </test-method> <!-- Generate -->
      </class> <!-- labs.exe.Cartexe -->
    </test> <!-- Default test -->
  </suite> <!-- Default suite -->
</testng-results>
